1573005575455	mozrunner::runner	INFO	Running command: "/Applications/Firefox.app/Contents/MacOS/firefox-bin" "-marionette" "-foreground" "-no-remote" "-profile" "/var/folders/xh/wt6y1zhd53d1yg5l7vv1rcsr0000gp/T/rust_mozprofiler44rWU"
1573005582815	addons.webextension.screenshots@mozilla.org	WARN	Loading extension 'screenshots@mozilla.org': Reading manifest: Invalid extension permission: mozillaAddons
1573005582815	addons.webextension.screenshots@mozilla.org	WARN	Loading extension 'screenshots@mozilla.org': Reading manifest: Invalid extension permission: telemetry
1573005582816	addons.webextension.screenshots@mozilla.org	WARN	Loading extension 'screenshots@mozilla.org': Reading manifest: Invalid extension permission: resource://pdf.js/
1573005582816	addons.webextension.screenshots@mozilla.org	WARN	Loading extension 'screenshots@mozilla.org': Reading manifest: Invalid extension permission: about:reader*
JavaScript error: resource:///modules/sessionstore/SessionStore.jsm, line 1325: uncaught exception: 2147746065
1573005603904	Marionette	INFO	Listening on port 51154
1573005604712	Marionette	WARN	TLS certificate errors will be ignored for this session
1573005626688	Marionette	INFO	Stopped listening on port 51154
1573005977366	mozrunner::runner	INFO	Running command: "/Applications/Firefox.app/Contents/MacOS/firefox-bin" "-marionette" "-foreground" "-no-remote" "-profile" "/tmp/rust_mozprofilek3ySzw"
Running Firefox as root in a regular user's session is not supported.  ($HOME is /Users/robson which is owned by robson.)
1573012949350	mozrunner::runner	INFO	Running command: "/Applications/Firefox.app/Contents/MacOS/firefox-bin" "-marionette" "-foreground" "-no-remote" "-profile" "/var/folders/xh/wt6y1zhd53d1yg5l7vv1rcsr0000gp/T/rust_mozprofileXiR055"
1573012957000	addons.webextension.screenshots@mozilla.org	WARN	Loading extension 'screenshots@mozilla.org': Reading manifest: Invalid extension permission: mozillaAddons
1573012957001	addons.webextension.screenshots@mozilla.org	WARN	Loading extension 'screenshots@mozilla.org': Reading manifest: Invalid extension permission: telemetry
1573012957001	addons.webextension.screenshots@mozilla.org	WARN	Loading extension 'screenshots@mozilla.org': Reading manifest: Invalid extension permission: resource://pdf.js/
1573012957001	addons.webextension.screenshots@mozilla.org	WARN	Loading extension 'screenshots@mozilla.org': Reading manifest: Invalid extension permission: about:reader*
JavaScript error: resource:///modules/sessionstore/SessionStore.jsm, line 1325: uncaught exception: 2147746065
1573012962569	Marionette	INFO	Listening on port 51947
1573012962588	Marionette	WARN	TLS certificate errors will be ignored for this session
1573012983281	Marionette	INFO	Stopped listening on port 51947
1573013194564	mozrunner::runner	INFO	Running command: "/Applications/Firefox.app/Contents/MacOS/firefox-bin" "-marionette" "-foreground" "-no-remote" "-profile" "/var/folders/xh/wt6y1zhd53d1yg5l7vv1rcsr0000gp/T/rust_mozprofileBrnlzq"
1573013195577	addons.webextension.screenshots@mozilla.org	WARN	Loading extension 'screenshots@mozilla.org': Reading manifest: Invalid extension permission: mozillaAddons
1573013195578	addons.webextension.screenshots@mozilla.org	WARN	Loading extension 'screenshots@mozilla.org': Reading manifest: Invalid extension permission: telemetry
1573013195578	addons.webextension.screenshots@mozilla.org	WARN	Loading extension 'screenshots@mozilla.org': Reading manifest: Invalid extension permission: resource://pdf.js/
1573013195578	addons.webextension.screenshots@mozilla.org	WARN	Loading extension 'screenshots@mozilla.org': Reading manifest: Invalid extension permission: about:reader*
JavaScript error: resource:///modules/sessionstore/SessionStore.jsm, line 1325: uncaught exception: 2147746065
1573013198711	Marionette	INFO	Listening on port 52102
1573013198772	Marionette	WARN	TLS certificate errors will be ignored for this session
JavaScript warning: https://www.uol.com.br/camaleao/assets/web/home.js?v=1dov2ahmv&promiseSupport=true, line 118: unreachable code after return statement
JavaScript warning: https://tm.jsuol.com.br/uoltm.js?id=chygcf, line 1: unreachable code after return statement
JavaScript warning: https://tm.jsuol.com.br/uoltm.js?id=chygcf, line 1: unreachable code after return statement
1573013209902	Marionette	INFO	Stopped listening on port 52102
1573013505014	mozrunner::runner	INFO	Running command: "/Applications/Firefox.app/Contents/MacOS/firefox-bin" "-marionette" "-foreground" "-no-remote" "-profile" "/var/folders/xh/wt6y1zhd53d1yg5l7vv1rcsr0000gp/T/rust_mozprofileMehD6k"
1573013506095	addons.webextension.screenshots@mozilla.org	WARN	Loading extension 'screenshots@mozilla.org': Reading manifest: Invalid extension permission: mozillaAddons
1573013506095	addons.webextension.screenshots@mozilla.org	WARN	Loading extension 'screenshots@mozilla.org': Reading manifest: Invalid extension permission: telemetry
1573013506095	addons.webextension.screenshots@mozilla.org	WARN	Loading extension 'screenshots@mozilla.org': Reading manifest: Invalid extension permission: resource://pdf.js/
1573013506095	addons.webextension.screenshots@mozilla.org	WARN	Loading extension 'screenshots@mozilla.org': Reading manifest: Invalid extension permission: about:reader*
JavaScript error: resource:///modules/sessionstore/SessionStore.jsm, line 1325: uncaught exception: 2147746065
1573013509743	Marionette	INFO	Listening on port 52245
1573013509839	Marionette	WARN	TLS certificate errors will be ignored for this session
1573013530680	Marionette	INFO	Stopped listening on port 52245
1573013650079	mozrunner::runner	INFO	Running command: "/Applications/Firefox.app/Contents/MacOS/firefox-bin" "-marionette" "-foreground" "-no-remote" "-profile" "/var/folders/xh/wt6y1zhd53d1yg5l7vv1rcsr0000gp/T/rust_mozprofile6sW6cQ"
1573013651081	addons.webextension.screenshots@mozilla.org	WARN	Loading extension 'screenshots@mozilla.org': Reading manifest: Invalid extension permission: mozillaAddons
1573013651082	addons.webextension.screenshots@mozilla.org	WARN	Loading extension 'screenshots@mozilla.org': Reading manifest: Invalid extension permission: telemetry
1573013651082	addons.webextension.screenshots@mozilla.org	WARN	Loading extension 'screenshots@mozilla.org': Reading manifest: Invalid extension permission: resource://pdf.js/
1573013651082	addons.webextension.screenshots@mozilla.org	WARN	Loading extension 'screenshots@mozilla.org': Reading manifest: Invalid extension permission: about:reader*
JavaScript error: resource:///modules/sessionstore/SessionStore.jsm, line 1325: uncaught exception: 2147746065
1573013654373	Marionette	INFO	Listening on port 52320
1573013654391	Marionette	WARN	TLS certificate errors will be ignored for this session
1573013655605	mozrunner::runner	INFO	Running command: "/Applications/Firefox.app/Contents/MacOS/firefox-bin" "-marionette" "-foreground" "-no-remote" "-profile" "/var/folders/xh/wt6y1zhd53d1yg5l7vv1rcsr0000gp/T/rust_mozprofile1q5oJb"
1573013656760	addons.webextension.screenshots@mozilla.org	WARN	Loading extension 'screenshots@mozilla.org': Reading manifest: Invalid extension permission: mozillaAddons
1573013656760	addons.webextension.screenshots@mozilla.org	WARN	Loading extension 'screenshots@mozilla.org': Reading manifest: Invalid extension permission: telemetry
1573013656761	addons.webextension.screenshots@mozilla.org	WARN	Loading extension 'screenshots@mozilla.org': Reading manifest: Invalid extension permission: resource://pdf.js/
1573013656761	addons.webextension.screenshots@mozilla.org	WARN	Loading extension 'screenshots@mozilla.org': Reading manifest: Invalid extension permission: about:reader*
JavaScript error: resource:///modules/sessionstore/SessionStore.jsm, line 1325: uncaught exception: 2147746065
1573013660443	Marionette	INFO	Listening on port 52384
1573013660543	Marionette	WARN	TLS certificate errors will be ignored for this session
1573013662204	mozrunner::runner	INFO	Running command: "/Applications/Firefox.app/Contents/MacOS/firefox-bin" "-marionette" "-foreground" "-no-remote" "-profile" "/var/folders/xh/wt6y1zhd53d1yg5l7vv1rcsr0000gp/T/rust_mozprofileaketb6"
1573013665363	addons.webextension.screenshots@mozilla.org	WARN	Loading extension 'screenshots@mozilla.org': Reading manifest: Invalid extension permission: mozillaAddons
1573013665363	addons.webextension.screenshots@mozilla.org	WARN	Loading extension 'screenshots@mozilla.org': Reading manifest: Invalid extension permission: telemetry
1573013665364	addons.webextension.screenshots@mozilla.org	WARN	Loading extension 'screenshots@mozilla.org': Reading manifest: Invalid extension permission: resource://pdf.js/
1573013665364	addons.webextension.screenshots@mozilla.org	WARN	Loading extension 'screenshots@mozilla.org': Reading manifest: Invalid extension permission: about:reader*
JavaScript error: resource:///modules/sessionstore/SessionStore.jsm, line 1325: uncaught exception: 2147746065
1573013671730	Marionette	INFO	Listening on port 52457
1573013671815	Marionette	WARN	TLS certificate errors will be ignored for this session
JavaScript warning: https://www.uol.com.br/camaleao/assets/web/home.js?v=1dov2ahmv&promiseSupport=true, line 118: unreachable code after return statement
JavaScript warning: https://tm.jsuol.com.br/uoltm.js?id=chygcf, line 1: unreachable code after return statement
JavaScript warning: https://tm.jsuol.com.br/uoltm.js?id=chygcf, line 1: unreachable code after return statement
JavaScript warning: https://t.dynad.net/script/?dc=5550003061;ord=1573013681821;click=, line 22: unreachable code after return statement
JavaScript warning: https://t.dynad.net/script/?dc=5550003061;ord=1573013681821;click=, line 22: unreachable code after return statement
JavaScript warning: https://t.dynad.net/script/?dc=5550003062;ord=1573013681821;click=, line 22: unreachable code after return statement
JavaScript warning: https://t.dynad.net/script/?dc=5550003062;ord=1573013681821;click=, line 22: unreachable code after return statement
JavaScript warning: https://tm.jsuol.com.br/modules/client-purge.js, line 1: unreachable code after return statement
1573013702109	Marionette	INFO	Stopped listening on port 52320
1573013912586	Marionette	INFO	Stopped listening on port 52457
1573013915313	Marionette	INFO	Stopped listening on port 52384
1573013935673	mozrunner::runner	INFO	Running command: "/Applications/Firefox.app/Contents/MacOS/firefox-bin" "-marionette" "-foreground" "-no-remote" "-profile" "/var/folders/xh/wt6y1zhd53d1yg5l7vv1rcsr0000gp/T/rust_mozprofile17MP7k"
1573013942245	addons.webextension.screenshots@mozilla.org	WARN	Loading extension 'screenshots@mozilla.org': Reading manifest: Invalid extension permission: mozillaAddons
1573013942246	addons.webextension.screenshots@mozilla.org	WARN	Loading extension 'screenshots@mozilla.org': Reading manifest: Invalid extension permission: telemetry
1573013942246	addons.webextension.screenshots@mozilla.org	WARN	Loading extension 'screenshots@mozilla.org': Reading manifest: Invalid extension permission: resource://pdf.js/
1573013942247	addons.webextension.screenshots@mozilla.org	WARN	Loading extension 'screenshots@mozilla.org': Reading manifest: Invalid extension permission: about:reader*
JavaScript error: resource:///modules/sessionstore/SessionStore.jsm, line 1325: uncaught exception: 2147746065
1573013947088	Marionette	INFO	Listening on port 53535
1573013947162	Marionette	WARN	TLS certificate errors will be ignored for this session
1573013948403	mozrunner::runner	INFO	Running command: "/Applications/Firefox.app/Contents/MacOS/firefox-bin" "-marionette" "-foreground" "-no-remote" "-profile" "/var/folders/xh/wt6y1zhd53d1yg5l7vv1rcsr0000gp/T/rust_mozprofilefWv7mP"
1573013949577	addons.webextension.screenshots@mozilla.org	WARN	Loading extension 'screenshots@mozilla.org': Reading manifest: Invalid extension permission: mozillaAddons
1573013949578	addons.webextension.screenshots@mozilla.org	WARN	Loading extension 'screenshots@mozilla.org': Reading manifest: Invalid extension permission: telemetry
1573013949578	addons.webextension.screenshots@mozilla.org	WARN	Loading extension 'screenshots@mozilla.org': Reading manifest: Invalid extension permission: resource://pdf.js/
1573013949578	addons.webextension.screenshots@mozilla.org	WARN	Loading extension 'screenshots@mozilla.org': Reading manifest: Invalid extension permission: about:reader*
JavaScript error: resource:///modules/sessionstore/SessionStore.jsm, line 1325: uncaught exception: 2147746065
1573013953512	Marionette	INFO	Listening on port 53719
1573013953567	Marionette	WARN	TLS certificate errors will be ignored for this session
1573013955382	mozrunner::runner	INFO	Running command: "/Applications/Firefox.app/Contents/MacOS/firefox-bin" "-marionette" "-foreground" "-no-remote" "-profile" "/var/folders/xh/wt6y1zhd53d1yg5l7vv1rcsr0000gp/T/rust_mozprofile3LP1ZI"
1573013961532	addons.webextension.screenshots@mozilla.org	WARN	Loading extension 'screenshots@mozilla.org': Reading manifest: Invalid extension permission: mozillaAddons
1573013961533	addons.webextension.screenshots@mozilla.org	WARN	Loading extension 'screenshots@mozilla.org': Reading manifest: Invalid extension permission: telemetry
1573013961533	addons.webextension.screenshots@mozilla.org	WARN	Loading extension 'screenshots@mozilla.org': Reading manifest: Invalid extension permission: resource://pdf.js/
1573013961533	addons.webextension.screenshots@mozilla.org	WARN	Loading extension 'screenshots@mozilla.org': Reading manifest: Invalid extension permission: about:reader*
JavaScript error: resource:///modules/sessionstore/SessionStore.jsm, line 1325: uncaught exception: 2147746065
1573013967645	Marionette	INFO	Listening on port 53821
1573013967747	Marionette	WARN	TLS certificate errors will be ignored for this session
JavaScript warning: https://www.uol.com.br/camaleao/assets/web/home.js?v=1dov2ahmv&promiseSupport=true, line 118: unreachable code after return statement
1573013976793	Marionette	INFO	Stopped listening on port 53535
1573014169996	Marionette	INFO	Stopped listening on port 53821
1573014172869	Marionette	INFO	Stopped listening on port 53719
1573014179753	mozrunner::runner	INFO	Running command: "/Applications/Firefox.app/Contents/MacOS/firefox-bin" "-marionette" "-foreground" "-no-remote" "-profile" "/var/folders/xh/wt6y1zhd53d1yg5l7vv1rcsr0000gp/T/rust_mozprofile9fJ5I4"
1573014184140	addons.webextension.screenshots@mozilla.org	WARN	Loading extension 'screenshots@mozilla.org': Reading manifest: Invalid extension permission: mozillaAddons
1573014184141	addons.webextension.screenshots@mozilla.org	WARN	Loading extension 'screenshots@mozilla.org': Reading manifest: Invalid extension permission: telemetry
1573014184141	addons.webextension.screenshots@mozilla.org	WARN	Loading extension 'screenshots@mozilla.org': Reading manifest: Invalid extension permission: resource://pdf.js/
1573014184141	addons.webextension.screenshots@mozilla.org	WARN	Loading extension 'screenshots@mozilla.org': Reading manifest: Invalid extension permission: about:reader*
JavaScript error: resource:///modules/sessionstore/SessionStore.jsm, line 1325: uncaught exception: 2147746065
1573014187533	Marionette	INFO	Listening on port 54948
1573014187605	Marionette	WARN	TLS certificate errors will be ignored for this session
1573014188824	mozrunner::runner	INFO	Running command: "/Applications/Firefox.app/Contents/MacOS/firefox-bin" "-marionette" "-foreground" "-no-remote" "-profile" "/var/folders/xh/wt6y1zhd53d1yg5l7vv1rcsr0000gp/T/rust_mozprofile5vFQPZ"
1573014189875	addons.webextension.screenshots@mozilla.org	WARN	Loading extension 'screenshots@mozilla.org': Reading manifest: Invalid extension permission: mozillaAddons
1573014189875	addons.webextension.screenshots@mozilla.org	WARN	Loading extension 'screenshots@mozilla.org': Reading manifest: Invalid extension permission: telemetry
1573014189875	addons.webextension.screenshots@mozilla.org	WARN	Loading extension 'screenshots@mozilla.org': Reading manifest: Invalid extension permission: resource://pdf.js/
1573014189875	addons.webextension.screenshots@mozilla.org	WARN	Loading extension 'screenshots@mozilla.org': Reading manifest: Invalid extension permission: about:reader*
JavaScript error: resource:///modules/sessionstore/SessionStore.jsm, line 1325: uncaught exception: 2147746065
1573014193115	Marionette	INFO	Listening on port 55084
1573014193164	Marionette	WARN	TLS certificate errors will be ignored for this session
1573014216502	Marionette	INFO	Stopped listening on port 54948
1573014288137	Marionette	INFO	Stopped listening on port 55084
1573014299780	mozrunner::runner	INFO	Running command: "/Applications/Firefox.app/Contents/MacOS/firefox-bin" "-marionette" "-foreground" "-no-remote" "-profile" "/var/folders/xh/wt6y1zhd53d1yg5l7vv1rcsr0000gp/T/rust_mozprofileHBDRPz"
1573014300787	addons.webextension.screenshots@mozilla.org	WARN	Loading extension 'screenshots@mozilla.org': Reading manifest: Invalid extension permission: mozillaAddons
1573014300788	addons.webextension.screenshots@mozilla.org	WARN	Loading extension 'screenshots@mozilla.org': Reading manifest: Invalid extension permission: telemetry
1573014300788	addons.webextension.screenshots@mozilla.org	WARN	Loading extension 'screenshots@mozilla.org': Reading manifest: Invalid extension permission: resource://pdf.js/
1573014300789	addons.webextension.screenshots@mozilla.org	WARN	Loading extension 'screenshots@mozilla.org': Reading manifest: Invalid extension permission: about:reader*
JavaScript error: resource:///modules/sessionstore/SessionStore.jsm, line 1325: uncaught exception: 2147746065
1573014303945	Marionette	INFO	Listening on port 55618
1573014304001	Marionette	WARN	TLS certificate errors will be ignored for this session
1573014409389	Marionette	INFO	Stopped listening on port 55618
1573014447471	mozrunner::runner	INFO	Running command: "/Applications/Firefox.app/Contents/MacOS/firefox-bin" "-marionette" "-foreground" "-no-remote" "-profile" "/var/folders/xh/wt6y1zhd53d1yg5l7vv1rcsr0000gp/T/rust_mozprofileCrQXEU"
1573014448513	addons.webextension.screenshots@mozilla.org	WARN	Loading extension 'screenshots@mozilla.org': Reading manifest: Invalid extension permission: mozillaAddons
1573014448514	addons.webextension.screenshots@mozilla.org	WARN	Loading extension 'screenshots@mozilla.org': Reading manifest: Invalid extension permission: telemetry
1573014448514	addons.webextension.screenshots@mozilla.org	WARN	Loading extension 'screenshots@mozilla.org': Reading manifest: Invalid extension permission: resource://pdf.js/
1573014448514	addons.webextension.screenshots@mozilla.org	WARN	Loading extension 'screenshots@mozilla.org': Reading manifest: Invalid extension permission: about:reader*
JavaScript error: resource:///modules/sessionstore/SessionStore.jsm, line 1325: uncaught exception: 2147746065
1573014451723	Marionette	INFO	Listening on port 56290
1573014451754	Marionette	WARN	TLS certificate errors will be ignored for this session
1573014452999	mozrunner::runner	INFO	Running command: "/Applications/Firefox.app/Contents/MacOS/firefox-bin" "-marionette" "-foreground" "-no-remote" "-profile" "/var/folders/xh/wt6y1zhd53d1yg5l7vv1rcsr0000gp/T/rust_mozprofileGqV4hE"
1573014454049	addons.webextension.screenshots@mozilla.org	WARN	Loading extension 'screenshots@mozilla.org': Reading manifest: Invalid extension permission: mozillaAddons
1573014454049	addons.webextension.screenshots@mozilla.org	WARN	Loading extension 'screenshots@mozilla.org': Reading manifest: Invalid extension permission: telemetry
1573014454049	addons.webextension.screenshots@mozilla.org	WARN	Loading extension 'screenshots@mozilla.org': Reading manifest: Invalid extension permission: resource://pdf.js/
1573014454050	addons.webextension.screenshots@mozilla.org	WARN	Loading extension 'screenshots@mozilla.org': Reading manifest: Invalid extension permission: about:reader*
JavaScript error: resource:///modules/sessionstore/SessionStore.jsm, line 1325: uncaught exception: 2147746065
1573014457295	Marionette	INFO	Listening on port 56374
1573014457390	Marionette	WARN	TLS certificate errors will be ignored for this session
JavaScript warning: https://www.uol.com.br/camaleao/assets/web/home.js?v=1dov2ahmv&promiseSupport=true, line 118: unreachable code after return statement
1573014462889	Marionette	INFO	Stopped listening on port 56290
1573014687643	mozrunner::runner	INFO	Running command: "/Applications/Firefox.app/Contents/MacOS/firefox-bin" "-marionette" "-foreground" "-no-remote" "-profile" "/var/folders/xh/wt6y1zhd53d1yg5l7vv1rcsr0000gp/T/rust_mozprofilepzk43b"
1573014688864	addons.webextension.screenshots@mozilla.org	WARN	Loading extension 'screenshots@mozilla.org': Reading manifest: Invalid extension permission: mozillaAddons
1573014688864	addons.webextension.screenshots@mozilla.org	WARN	Loading extension 'screenshots@mozilla.org': Reading manifest: Invalid extension permission: telemetry
1573014688864	addons.webextension.screenshots@mozilla.org	WARN	Loading extension 'screenshots@mozilla.org': Reading manifest: Invalid extension permission: resource://pdf.js/
1573014688864	addons.webextension.screenshots@mozilla.org	WARN	Loading extension 'screenshots@mozilla.org': Reading manifest: Invalid extension permission: about:reader*
JavaScript error: resource:///modules/sessionstore/SessionStore.jsm, line 1325: uncaught exception: 2147746065
1573014691993	Marionette	INFO	Listening on port 57456
1573014692053	Marionette	WARN	TLS certificate errors will be ignored for this session
1573014745969	Marionette	INFO	Stopped listening on port 57456
1573014777100	Marionette	INFO	Stopped listening on port 56374
1573014779742	mozrunner::runner	INFO	Running command: "/Applications/Firefox.app/Contents/MacOS/firefox-bin" "-marionette" "-foreground" "-no-remote" "-profile" "/var/folders/xh/wt6y1zhd53d1yg5l7vv1rcsr0000gp/T/rust_mozprofilecdr5i6"
1573014781079	addons.webextension.screenshots@mozilla.org	WARN	Loading extension 'screenshots@mozilla.org': Reading manifest: Invalid extension permission: mozillaAddons
1573014781080	addons.webextension.screenshots@mozilla.org	WARN	Loading extension 'screenshots@mozilla.org': Reading manifest: Invalid extension permission: telemetry
1573014781080	addons.webextension.screenshots@mozilla.org	WARN	Loading extension 'screenshots@mozilla.org': Reading manifest: Invalid extension permission: resource://pdf.js/
1573014781080	addons.webextension.screenshots@mozilla.org	WARN	Loading extension 'screenshots@mozilla.org': Reading manifest: Invalid extension permission: about:reader*
JavaScript error: resource:///modules/sessionstore/SessionStore.jsm, line 1325: uncaught exception: 2147746065
1573014784405	Marionette	INFO	Listening on port 57913
1573014784459	Marionette	WARN	TLS certificate errors will be ignored for this session
JavaScript warning: https://www.uol.com.br/camaleao/assets/web/home.js?v=1dov2ahmv&promiseSupport=true, line 118: unreachable code after return statement
JavaScript warning: https://tm.jsuol.com.br/uoltm.js?id=chygcf, line 1: unreachable code after return statement
JavaScript warning: https://tm.jsuol.com.br/uoltm.js?id=chygcf, line 1: unreachable code after return statement
1573014788657	Marionette	INFO	Stopped listening on port 57913
JavaScript error: resource:///modules/FaviconLoader.jsm, line 560: NS_ERROR_ILLEGAL_VALUE
JavaScript error: resource:///modules/FaviconLoader.jsm, line 560: NS_ERROR_ILLEGAL_VALUE
1573014804739	mozrunner::runner	INFO	Running command: "/Applications/Firefox.app/Contents/MacOS/firefox-bin" "-marionette" "-foreground" "-no-remote" "-profile" "/var/folders/xh/wt6y1zhd53d1yg5l7vv1rcsr0000gp/T/rust_mozprofilev3SWrt"
1573014805708	addons.webextension.screenshots@mozilla.org	WARN	Loading extension 'screenshots@mozilla.org': Reading manifest: Invalid extension permission: mozillaAddons
1573014805708	addons.webextension.screenshots@mozilla.org	WARN	Loading extension 'screenshots@mozilla.org': Reading manifest: Invalid extension permission: telemetry
1573014805708	addons.webextension.screenshots@mozilla.org	WARN	Loading extension 'screenshots@mozilla.org': Reading manifest: Invalid extension permission: resource://pdf.js/
1573014805709	addons.webextension.screenshots@mozilla.org	WARN	Loading extension 'screenshots@mozilla.org': Reading manifest: Invalid extension permission: about:reader*
JavaScript error: resource:///modules/sessionstore/SessionStore.jsm, line 1325: uncaught exception: 2147746065
1573014808847	Marionette	INFO	Listening on port 58140
1573014808950	Marionette	WARN	TLS certificate errors will be ignored for this session
1573014840491	Marionette	INFO	Stopped listening on port 58140
1573014852480	mozrunner::runner	INFO	Running command: "/Applications/Firefox.app/Contents/MacOS/firefox-bin" "-marionette" "-foreground" "-no-remote" "-profile" "/var/folders/xh/wt6y1zhd53d1yg5l7vv1rcsr0000gp/T/rust_mozprofilezVS4EI"
1573014853499	addons.webextension.screenshots@mozilla.org	WARN	Loading extension 'screenshots@mozilla.org': Reading manifest: Invalid extension permission: mozillaAddons
1573014853499	addons.webextension.screenshots@mozilla.org	WARN	Loading extension 'screenshots@mozilla.org': Reading manifest: Invalid extension permission: telemetry
1573014853499	addons.webextension.screenshots@mozilla.org	WARN	Loading extension 'screenshots@mozilla.org': Reading manifest: Invalid extension permission: resource://pdf.js/
1573014853500	addons.webextension.screenshots@mozilla.org	WARN	Loading extension 'screenshots@mozilla.org': Reading manifest: Invalid extension permission: about:reader*
JavaScript error: resource:///modules/sessionstore/SessionStore.jsm, line 1325: uncaught exception: 2147746065
1573014856695	Marionette	INFO	Listening on port 58394
1573014856758	Marionette	WARN	TLS certificate errors will be ignored for this session
1573014886431	Marionette	INFO	Stopped listening on port 58394
1573014891333	mozrunner::runner	INFO	Running command: "/Applications/Firefox.app/Contents/MacOS/firefox-bin" "-marionette" "-foreground" "-no-remote" "-profile" "/var/folders/xh/wt6y1zhd53d1yg5l7vv1rcsr0000gp/T/rust_mozprofileuykV0r"
1573014892343	addons.webextension.screenshots@mozilla.org	WARN	Loading extension 'screenshots@mozilla.org': Reading manifest: Invalid extension permission: mozillaAddons
1573014892344	addons.webextension.screenshots@mozilla.org	WARN	Loading extension 'screenshots@mozilla.org': Reading manifest: Invalid extension permission: telemetry
1573014892344	addons.webextension.screenshots@mozilla.org	WARN	Loading extension 'screenshots@mozilla.org': Reading manifest: Invalid extension permission: resource://pdf.js/
1573014892344	addons.webextension.screenshots@mozilla.org	WARN	Loading extension 'screenshots@mozilla.org': Reading manifest: Invalid extension permission: about:reader*
JavaScript error: resource:///modules/sessionstore/SessionStore.jsm, line 1325: uncaught exception: 2147746065
1573014896321	Marionette	INFO	Listening on port 58618
1573014896357	Marionette	WARN	TLS certificate errors will be ignored for this session
JavaScript warning: https://www.uol.com.br/camaleao/assets/web/home.js?v=1dov2ahmv&promiseSupport=true, line 118: unreachable code after return statement
JavaScript warning: https://tm.jsuol.com.br/uoltm.js?id=chygcf, line 1: unreachable code after return statement
JavaScript warning: https://tm.jsuol.com.br/uoltm.js?id=chygcf, line 1: unreachable code after return statement
1573014903223	Marionette	INFO	Stopped listening on port 58618
1573014926400	mozrunner::runner	INFO	Running command: "/Applications/Firefox.app/Contents/MacOS/firefox-bin" "-marionette" "-foreground" "-no-remote" "-profile" "/var/folders/xh/wt6y1zhd53d1yg5l7vv1rcsr0000gp/T/rust_mozprofileLIbiMI"
1573014927394	addons.webextension.screenshots@mozilla.org	WARN	Loading extension 'screenshots@mozilla.org': Reading manifest: Invalid extension permission: mozillaAddons
1573014927394	addons.webextension.screenshots@mozilla.org	WARN	Loading extension 'screenshots@mozilla.org': Reading manifest: Invalid extension permission: telemetry
1573014927394	addons.webextension.screenshots@mozilla.org	WARN	Loading extension 'screenshots@mozilla.org': Reading manifest: Invalid extension permission: resource://pdf.js/
1573014927394	addons.webextension.screenshots@mozilla.org	WARN	Loading extension 'screenshots@mozilla.org': Reading manifest: Invalid extension permission: about:reader*
JavaScript error: resource:///modules/sessionstore/SessionStore.jsm, line 1325: uncaught exception: 2147746065
1573014930522	Marionette	INFO	Listening on port 58894
1573014930603	Marionette	WARN	TLS certificate errors will be ignored for this session
JavaScript warning: https://www.uol.com.br/camaleao/assets/web/home.js?v=1dov2ahmv&promiseSupport=true, line 118: unreachable code after return statement
1573014932970	Marionette	INFO	Stopped listening on port 58894
JavaScript error: resource:///modules/FaviconLoader.jsm, line 560: NS_ERROR_ILLEGAL_VALUE
JavaScript error: resource:///modules/FaviconLoader.jsm, line 560: NS_ERROR_ILLEGAL_VALUE
1573015024737	mozrunner::runner	INFO	Running command: "/Applications/Firefox.app/Contents/MacOS/firefox-bin" "-marionette" "-foreground" "-no-remote" "-profile" "/var/folders/xh/wt6y1zhd53d1yg5l7vv1rcsr0000gp/T/rust_mozprofilejxMFNn"
1573015026499	addons.webextension.screenshots@mozilla.org	WARN	Loading extension 'screenshots@mozilla.org': Reading manifest: Invalid extension permission: mozillaAddons
1573015026499	addons.webextension.screenshots@mozilla.org	WARN	Loading extension 'screenshots@mozilla.org': Reading manifest: Invalid extension permission: telemetry
1573015026500	addons.webextension.screenshots@mozilla.org	WARN	Loading extension 'screenshots@mozilla.org': Reading manifest: Invalid extension permission: resource://pdf.js/
1573015026500	addons.webextension.screenshots@mozilla.org	WARN	Loading extension 'screenshots@mozilla.org': Reading manifest: Invalid extension permission: about:reader*
JavaScript error: resource:///modules/sessionstore/SessionStore.jsm, line 1325: uncaught exception: 2147746065
1573015031429	Marionette	INFO	Listening on port 59391
1573015031482	Marionette	WARN	TLS certificate errors will be ignored for this session
1573015054748	Marionette	INFO	Stopped listening on port 59391
1573015059376	mozrunner::runner	INFO	Running command: "/Applications/Firefox.app/Contents/MacOS/firefox-bin" "-marionette" "-foreground" "-no-remote" "-profile" "/var/folders/xh/wt6y1zhd53d1yg5l7vv1rcsr0000gp/T/rust_mozprofileCzM6HI"
1573015060559	addons.webextension.screenshots@mozilla.org	WARN	Loading extension 'screenshots@mozilla.org': Reading manifest: Invalid extension permission: mozillaAddons
1573015060559	addons.webextension.screenshots@mozilla.org	WARN	Loading extension 'screenshots@mozilla.org': Reading manifest: Invalid extension permission: telemetry
1573015060560	addons.webextension.screenshots@mozilla.org	WARN	Loading extension 'screenshots@mozilla.org': Reading manifest: Invalid extension permission: resource://pdf.js/
1573015060560	addons.webextension.screenshots@mozilla.org	WARN	Loading extension 'screenshots@mozilla.org': Reading manifest: Invalid extension permission: about:reader*
JavaScript error: resource:///modules/sessionstore/SessionStore.jsm, line 1325: uncaught exception: 2147746065
1573015063714	Marionette	INFO	Listening on port 59646
1573015063779	Marionette	WARN	TLS certificate errors will be ignored for this session
JavaScript warning: https://www.uol.com.br/camaleao/assets/web/home.js?v=1dov2ahmv&promiseSupport=true, line 118: unreachable code after return statement
JavaScript warning: https://tm.jsuol.com.br/uoltm.js?id=chygcf, line 1: unreachable code after return statement
JavaScript warning: https://tm.jsuol.com.br/uoltm.js?id=chygcf, line 1: unreachable code after return statement
1573015068941	Marionette	INFO	Stopped listening on port 59646
JavaScript warning: https://tm.jsuol.com.br/modules/client-purge.js, line 1: unreachable code after return statement
JavaScript warning: https://tm.jsuol.com.br/modules/client-purge.js, line 1: unreachable code after return statement
1573015512169	mozrunner::runner	INFO	Running command: "/Applications/Firefox.app/Contents/MacOS/firefox-bin" "-marionette" "-foreground" "-no-remote" "-profile" "/var/folders/xh/wt6y1zhd53d1yg5l7vv1rcsr0000gp/T/rust_mozprofilesY6qw8"
1573015514778	addons.webextension.screenshots@mozilla.org	WARN	Loading extension 'screenshots@mozilla.org': Reading manifest: Invalid extension permission: mozillaAddons
1573015514779	addons.webextension.screenshots@mozilla.org	WARN	Loading extension 'screenshots@mozilla.org': Reading manifest: Invalid extension permission: telemetry
1573015514779	addons.webextension.screenshots@mozilla.org	WARN	Loading extension 'screenshots@mozilla.org': Reading manifest: Invalid extension permission: resource://pdf.js/
1573015514779	addons.webextension.screenshots@mozilla.org	WARN	Loading extension 'screenshots@mozilla.org': Reading manifest: Invalid extension permission: about:reader*
JavaScript error: resource:///modules/sessionstore/SessionStore.jsm, line 1325: uncaught exception: 2147746065
1573015518728	Marionette	INFO	Listening on port 61620
1573015518810	Marionette	WARN	TLS certificate errors will be ignored for this session
JavaScript warning: https://www.uol.com.br/camaleao/assets/web/home.js?v=1dov2ahmv&promiseSupport=true, line 118: unreachable code after return statement
JavaScript warning: https://tm.jsuol.com.br/uoltm.js?id=chygcf, line 1: unreachable code after return statement
JavaScript warning: https://tm.jsuol.com.br/uoltm.js?id=chygcf, line 1: unreachable code after return statement
1573015524054	Marionette	INFO	Stopped listening on port 61620
1573015670788	mozrunner::runner	INFO	Running command: "/Applications/Firefox.app/Contents/MacOS/firefox-bin" "-marionette" "-foreground" "-no-remote" "-profile" "/var/folders/xh/wt6y1zhd53d1yg5l7vv1rcsr0000gp/T/rust_mozprofileZqR2w0"
1573015685092	addons.webextension.screenshots@mozilla.org	WARN	Loading extension 'screenshots@mozilla.org': Reading manifest: Invalid extension permission: mozillaAddons
1573015685093	addons.webextension.screenshots@mozilla.org	WARN	Loading extension 'screenshots@mozilla.org': Reading manifest: Invalid extension permission: telemetry
1573015685093	addons.webextension.screenshots@mozilla.org	WARN	Loading extension 'screenshots@mozilla.org': Reading manifest: Invalid extension permission: resource://pdf.js/
1573015685094	addons.webextension.screenshots@mozilla.org	WARN	Loading extension 'screenshots@mozilla.org': Reading manifest: Invalid extension permission: about:reader*
JavaScript error: resource:///modules/sessionstore/SessionStore.jsm, line 1325: uncaught exception: 2147746065
1573015689016	Marionette	INFO	Listening on port 62439
1573015689106	Marionette	WARN	TLS certificate errors will be ignored for this session
JavaScript warning: https://www.uol.com.br/camaleao/assets/web/home.js?v=1dov2ahmv&promiseSupport=true, line 118: unreachable code after return statement
JavaScript warning: https://tm.jsuol.com.br/uoltm.js?id=chygcf, line 1: unreachable code after return statement
JavaScript warning: https://tm.jsuol.com.br/uoltm.js?id=chygcf, line 1: unreachable code after return statement
1573015694070	Marionette	INFO	Stopped listening on port 62439
1573015905032	mozrunner::runner	INFO	Running command: "/Applications/Firefox.app/Contents/MacOS/firefox-bin" "-marionette" "-foreground" "-no-remote" "-profile" "/var/folders/xh/wt6y1zhd53d1yg5l7vv1rcsr0000gp/T/rust_mozprofilehbycxt"
1573015912045	mozrunner::runner	INFO	Running command: "/Applications/Firefox.app/Contents/MacOS/firefox-bin" "-marionette" "-foreground" "-no-remote" "-profile" "/var/folders/xh/wt6y1zhd53d1yg5l7vv1rcsr0000gp/T/rust_mozprofilegvKI7H"
1573015923529	addons.webextension.screenshots@mozilla.org	WARN	Loading extension 'screenshots@mozilla.org': Reading manifest: Invalid extension permission: mozillaAddons
1573015923530	addons.webextension.screenshots@mozilla.org	WARN	Loading extension 'screenshots@mozilla.org': Reading manifest: Invalid extension permission: telemetry
1573015923530	addons.webextension.screenshots@mozilla.org	WARN	Loading extension 'screenshots@mozilla.org': Reading manifest: Invalid extension permission: resource://pdf.js/
1573015923531	addons.webextension.screenshots@mozilla.org	WARN	Loading extension 'screenshots@mozilla.org': Reading manifest: Invalid extension permission: about:reader*
JavaScript error: resource:///modules/sessionstore/SessionStore.jsm, line 1325: uncaught exception: 2147746065
1573015931373	Marionette	INFO	Listening on port 63866
1573015931418	Marionette	WARN	TLS certificate errors will be ignored for this session
JavaScript error: https://www.extra.com.br/, line 2035: TypeError: Search is undefined
JavaScript error: https://www.extra.com.br/, line 2062: TypeError: Search is undefined
1573015952062	Marionette	INFO	Stopped listening on port 63866

###!!! [Child][MessageChannel] Error: (msgtype=0x530005,name=PHttpChannel::Msg_Cancel) Closed channel: cannot send/recv

1573016071794	mozrunner::runner	INFO	Running command: "/Applications/Firefox.app/Contents/MacOS/firefox-bin" "-marionette" "-foreground" "-no-remote" "-profile" "/var/folders/xh/wt6y1zhd53d1yg5l7vv1rcsr0000gp/T/rust_mozprofilei2sNHX"
1573016077243	addons.webextension.screenshots@mozilla.org	WARN	Loading extension 'screenshots@mozilla.org': Reading manifest: Invalid extension permission: mozillaAddons
1573016077244	addons.webextension.screenshots@mozilla.org	WARN	Loading extension 'screenshots@mozilla.org': Reading manifest: Invalid extension permission: telemetry
1573016077244	addons.webextension.screenshots@mozilla.org	WARN	Loading extension 'screenshots@mozilla.org': Reading manifest: Invalid extension permission: resource://pdf.js/
1573016077244	addons.webextension.screenshots@mozilla.org	WARN	Loading extension 'screenshots@mozilla.org': Reading manifest: Invalid extension permission: about:reader*
JavaScript error: resource:///modules/sessionstore/SessionStore.jsm, line 1325: uncaught exception: 2147746065
1573016080900	Marionette	INFO	Listening on port 64890
1573016080947	Marionette	WARN	TLS certificate errors will be ignored for this session
JavaScript error: https://www.extra.com.br/, line 2035: TypeError: Search is undefined
JavaScript error: https://www.extra.com.br/, line 2062: TypeError: Search is undefined
1573016091850	Marionette	INFO	Stopped listening on port 64890

###!!! [Child][MessageChannel] Error: (msgtype=0x530005,name=PHttpChannel::Msg_Cancel) Closed channel: cannot send/recv

1573016192429	mozrunner::runner	INFO	Running command: "/Applications/Firefox.app/Contents/MacOS/firefox-bin" "-marionette" "-foreground" "-no-remote" "-profile" "/var/folders/xh/wt6y1zhd53d1yg5l7vv1rcsr0000gp/T/rust_mozprofile41aedo"
1573016196825	addons.webextension.screenshots@mozilla.org	WARN	Loading extension 'screenshots@mozilla.org': Reading manifest: Invalid extension permission: mozillaAddons
1573016196825	addons.webextension.screenshots@mozilla.org	WARN	Loading extension 'screenshots@mozilla.org': Reading manifest: Invalid extension permission: telemetry
1573016196826	addons.webextension.screenshots@mozilla.org	WARN	Loading extension 'screenshots@mozilla.org': Reading manifest: Invalid extension permission: resource://pdf.js/
1573016196826	addons.webextension.screenshots@mozilla.org	WARN	Loading extension 'screenshots@mozilla.org': Reading manifest: Invalid extension permission: about:reader*
JavaScript error: resource:///modules/sessionstore/SessionStore.jsm, line 1325: uncaught exception: 2147746065
1573016200364	Marionette	INFO	Listening on port 49234
1573016200414	Marionette	WARN	TLS certificate errors will be ignored for this session
JavaScript error: https://www.extra.com.br/, line 2035: TypeError: Search is undefined
JavaScript error: https://www.extra.com.br/, line 2062: TypeError: Search is undefined
1573016213968	Marionette	INFO	Stopped listening on port 49234
